TN:
SF:src/Multisig.sol
DA:23,6
FN:23,Multisig.onlySelf
FNDA:6,Multisig.onlySelf
DA:24,6
BRDA:24,0,0,1
BRDA:24,0,1,5
DA:28,135
FN:28,Multisig.init
FNDA:135,Multisig.init
DA:29,135
DA:30,135
BRDA:30,1,0,1
BRDA:30,1,1,134
DA:31,134
BRDA:31,2,0,1
BRDA:31,2,1,133
DA:32,133
BRDA:32,3,0,1
BRDA:32,3,1,132
DA:33,132
DA:34,132
DA:35,132
DA:36,132
DA:38,132
DA:39,132
DA:40,132
DA:42,132
DA:43,252
DA:44,252
BRDA:44,4,0,3
BRDA:44,4,1,249
DA:45,249
DA:47,249
DA:49,249
DA:53,3
FN:53,Multisig.getOwners
FNDA:3,Multisig.getOwners
DA:54,3
DA:57,37
FN:57,Multisig.DOMAIN_SEPARATOR
FNDA:37,Multisig.DOMAIN_SEPARATOR
DA:59,75
DA:61,75
DA:62,75
DA:63,75
DA:64,75
DA:65,75
DA:66,75
DA:70,8
FN:70,Multisig.isValidSignature
FNDA:8,Multisig.isValidSignature
DA:72,8
DA:75,8
DA:76,8
BRDA:76,5,0,2
BRDA:76,5,1,6
DA:77,6
DA:78,6
DA:79,6
DA:80,6
DA:81,11
DA:82,11
DA:83,11
BRDA:83,6,0,0
BRDA:83,6,1,11
DA:84,11
BRDA:84,7,0,1
BRDA:84,7,1,10
DA:85,10
BRDA:85,8,0,2
BRDA:85,8,1,8
DA:86,8
DA:89,3
DA:92,30
FN:92,Multisig.execute
FNDA:30,Multisig.execute
DA:94,30
DA:95,30
DA:97,30
DA:98,30
DA:99,30
DA:100,30
DA:102,30
DA:110,30
DA:111,30
DA:112,30
DA:113,30
BRDA:113,9,0,1
BRDA:113,9,1,29
DA:114,29
DA:115,56
DA:116,56
DA:117,56
BRDA:117,10,0,0
BRDA:117,10,1,56
DA:118,56
BRDA:118,11,0,2
BRDA:118,11,1,54
DA:119,54
BRDA:119,12,0,2
BRDA:119,12,1,52
DA:120,52
DA:123,25
DA:124,25
BRDA:124,13,0,7
DA:125,18
DA:129,6
FN:129,Multisig.addOwner
FNDA:6,Multisig.addOwner
DA:130,5
BRDA:130,14,0,1
BRDA:130,14,1,4
DA:131,4
BRDA:131,15,0,1
BRDA:131,15,1,3
DA:132,3
DA:133,3
DA:134,3
DA:137,6
FN:137,Multisig.removeOwner
FNDA:6,Multisig.removeOwner
DA:139,5
DA:140,5
BRDA:140,16,0,1
BRDA:140,16,1,4
DA:141,4
BRDA:141,17,0,1
BRDA:141,17,1,3
DA:142,3
DA:143,3
DA:144,11
BRDA:144,18,0,3
DA:145,3
DA:146,3
DA:147,3
DA:150,3
DA:154,6
FN:154,Multisig.setThreshold
FNDA:6,Multisig.setThreshold
DA:155,5
BRDA:155,19,0,1
BRDA:155,19,1,4
DA:156,4
BRDA:156,20,0,1
BRDA:156,20,1,3
DA:157,3
DA:164,3
FN:164,Multisig.fallback
FNDA:3,Multisig.fallback
DA:166,3
DA:167,3
BRDA:167,21,0,3
DA:168,3
DA:169,3
DA:183,70
FN:183,MultisigFactory.constructor
FNDA:70,MultisigFactory.constructor
DA:184,70
DA:185,70
DA:186,70
DA:187,70
DA:193,67
FN:193,MultisigFactory.create
FNDA:67,MultisigFactory.create
DA:198,67
DA:200,67
BRDA:200,22,0,2
DA:201,2
DA:202,2
DA:204,65
DA:205,65
DA:206,65
DA:207,65
DA:208,65
BRDA:208,23,0,1
DA:209,1
DA:210,1
DA:212,64
DA:214,64
DA:215,59
FNF:12
FNH:12
LF:113
LH:113
BRF:43
BRH:41
end_of_record
TN:
SF:test/Multisig.t.sol
DA:12,1
FN:12,Reverter.fallback
FNDA:1,Reverter.fallback
DA:13,1
FNF:1
FNH:1
LF:2
LH:2
BRF:0
BRH:0
end_of_record
